


ARM Macro Assembler    Page 1 


    1 00000000         ;;;;;;;;;;;;;;;;;;;;;;;;;;;;;;;;;;;;;;;;;;;;;;;;;;;;;;;;
                       ;;;;;;;;;;;;;;;;;;;;
    2 00000000         ; File name    : Startup_SY09.s
    3 00000000         ; Function     : Startup file for SY09   
    4 00000000         ; Author       :  Coins
    5 00000000         ; Date         : 2014/04/25
    6 00000000         ; Version      :  v1.0
    7 00000000         ; Description  :   
    8 00000000         ; ModifyRecord :
    9 00000000         ;;;;;;;;;;;;;;;;;;;;;;;;;;;;;;;;;;;;;;;;;;;;;;;;;;;;;;;;
                       ;;;;;;;;;;;;;;;;;;;;;
   10 00000000         
   11 00000000         ;;;;;;;;;;;;;;;;;;;;;;;;;;;;;;;;;;;;;;;;;;;;;;;;;;;;;;;;
                       ;;;;;;;;;;;;;;;;;;;;;
   12 00000000         ; Include Header Files
   13 00000000         ;;;;;;;;;;;;;;;;;;;;;;;;;;;;;;;;;;;;;;;;;;;;;;;;;;;;;;;;
                       ;;;;;;;;;;;;;;;;;;;;;
   14 00000000         
   15 00000000         
   16 00000000         ;;;;;;;;;;;;;;;;;;;;;;;;;;;;;;;;;;;;;;;;;;;;;;;;;;;;;;;;
                       ;;;;;;;;;;;;;;;;;;;;;
   17 00000000         ; Local Macro Definition
   18 00000000         ;;;;;;;;;;;;;;;;;;;;;;;;;;;;;;;;;;;;;;;;;;;;;;;;;;;;;;;;
                       ;;;;;;;;;;;;;;;;;;;;;
   19 00000000         
   20 00000000         
   21 00000000         ;;;;;;;;;;;;;;;;;;;;;;;;;;;;;;;;;;;;;;;;;;;;;;;;;;;;;;;;
                       ;;;;;;;;;;;;;;;;;;;;
   22 00000000         ; Local static Variable Declaration
   23 00000000         ;;;;;;;;;;;;;;;;;;;;;;;;;;;;;;;;;;;;;;;;;;;;;;;;;;;;;;;;
                       ;;;;;;;;;;;;;;;;;;;;
   24 00000000         
   25 00000000         
   26 00000000         ;;;;;;;;;;;;;;;;;;;;;;;;;;;;;;;;;;;;;;;;;;;;;;;;;;;;;;;;
                       ;;;;;;;;;;;;;;;;;;;;
   27 00000000         ; Global Variable Declaration
   28 00000000         ;;;;;;;;;;;;;;;;;;;;;;;;;;;;;;;;;;;;;;;;;;;;;;;;;;;;;;;;
                       ;;;;;;;;;;;;;;;;;;;;
   29 00000000         
   30 00000000         
   31 00000000         
   32 00000000         ;;;;;;;;;;;;;;;;;;;;;;;;;;;;;;;;;;;;;;;;;;;;;;;;;;;;;;;;
                       ;;;;;;;;;;;;;;;;;;;;
   33 00000000         ; Local Functon Declaration
   34 00000000         ;;;;;;;;;;;;;;;;;;;;;;;;;;;;;;;;;;;;;;;;;;;;;;;;;;;;;;;;
                       ;;;;;;;;;;;;;;;;;;;;
   35 00000000         
   36 00000000         
   37 00000000         
   38 00000000         ;;;;;;;;;;;;;;;;;;;;;;;;;;;;;;;;;;;;;;;;;;;;;;;;;;;;;;;;
                       ;;;;;;;;;;;;;;;;;;;;
   39 00000000         ; Functon
   40 00000000         ;;;;;;;;;;;;;;;;;;;;;;;;;;;;;;;;;;;;;;;;;;;;;;;;;;;;;;;;
                       ;;;;;;;;;;;;;;;;;;;;
   41 00000000         
   42 00000000         ; Define the stack top label
   43 00000000                 AREA             STACK_TOP, NOINIT, READWRITE, A
LIGN=3
   44 00000000         __initial_sp



ARM Macro Assembler    Page 2 


   45 00000000         
   46 00000000         ; Define the heap bottom label   
   47 00000000                 AREA             HEAP_BOTTOM, NOINIT, READWRITE,
 ALIGN=3
   48 00000000         __heap_base
   49 00000000         
   50 00000000         ; Define the heap top label
   51 00000000                 AREA             HEAP_TOP, NOINIT, READWRITE, AL
IGN=3
   52 00000000         __heap_limit
   53 00000000         
   54 00000000         
   55 00000000                 PRESERVE8
   56 00000000                 THUMB
   57 00000000         
   58 00000000         
   59 00000000         ; Vector Table Mapped to Address 0 at Reset
   60 00000000         
   61 00000000                 AREA             RESET, DATA, READONLY
   62 00000000                 EXPORT           __Vectors
   63 00000000                 EXPORT           __Vectors_End
   64 00000000                 EXPORT           __Vectors_Size
   65 00000000         
   66 00000000 00000000 
                       __Vectors
                               DCD              __initial_sp ; Top of Stack
   67 00000004 00000000        DCD              Reset_Handler ; Reset Handler
   68 00000008 00000000        DCD              NMI_Handler ; NMI Handler
   69 0000000C 00000000        DCD              HardFault_Handler ; Hard Fault 
                                                            Handler
   70 00000010 00000000        DCD              MemManage_Handler 
                                                            ; MPU Fault Handler
                                                            
   71 00000014 00000000        DCD              BusFault_Handler 
                                                            ; Bus Fault Handler
                                                            
   72 00000018 00000000        DCD              UsageFault_Handler ; Usage Faul
                                                            t Handler
   73 0000001C 00000000        DCD              0           ; Reserved
   74 00000020 00000000        DCD              0           ; Reserved
   75 00000024 00000000        DCD              0           ; Reserved
   76 00000028 00000000        DCD              0           ; Reserved
   77 0000002C 00000000        DCD              SVC_Handler ; SVCall Handler
   78 00000030 00000000        DCD              DebugMon_Handler ; Debug Monito
                                                            r Handler
   79 00000034 00000000        DCD              0           ; Reserved
   80 00000038 00000000        DCD              PendSV_Handler ; PendSV Handler
                                                            
   81 0000003C 00000000        DCD              SysTick_Handler 
                                                            ; SysTick Handler
   82 00000040         ; Interrupt
   83 00000040 00000000        DCD              SCM_Handler ;0  SCM Handler
   84 00000044 00000000        DCD              GPIO_Handler ;1  GPIO Handler
   85 00000048 00000000        DCD              T0_Handler  ;2  Timer 0 Handler
                                                            
   86 0000004C 00000000        DCD              SEA_Handler ;3  Symmetric Encry
                                                            ption/decryption Al
                                                            gorithms Accelerato
                                                            rs Group Handler



ARM Macro Assembler    Page 3 


   87 00000050 00000000        DCD              AEA_Handler ;4  Asymmetric Encr
                                                            yption/decryption A
                                                            lgorithms Accelerat
                                                            ors Group Handler
   88 00000054 00000000        DCD              SPI0_Handler ;5  SPI handler
   89 00000058 00000000        DCD              TRNG_Handler ;6  True Random Nu
                                                            mber Generater Hand
                                                            ler
   90 0000005C 00000000        DCD              USB_Handler ;7  USB Handler    
                                                            
   91 00000060 00000000        DCD              T1_Handler  ;8  Reserved
   92 00000064 00000000        DCD              T2_Handler  ;9  Reserved
   93 00000068 00000000        DCD              SSI_Handler ;10 Reserved
   94 0000006C 00000000        DCD              UART0_Handler ;11 Reserved
   95 00000070 00000000        DCD              I2C0_Handler ;12 Reserved
   96 00000074 00000000        DCD              SWPS_Handler ;13 Reserved
   97 00000078 00000000        DCD              0           ;14 Reserved
   98 0000007C 00000000        DCD              ISO7816_Handler ;15 Reserved
   99 00000080 00000000        DCD              SCI_Handler ;16 Reserved
  100 00000084 00000000        DCD              FPA_Handler ;17 Reserved 
  101 00000088 00000000        DCD              VPWM_Handler ;18 Reserved
  102 0000008C 00000000        DCD              UART1_Handler ;19 Reserved
  103 00000090 00000000        DCD              HASH_Handler ;20 Reserved
  104 00000094 00000000        DCD              EFC_Handler ;21 Reserved
  105 00000098 00000000        DCD              0           ;22 Reserved
  106 0000009C 00000000        DCD              0           ;23 Reserved
  107 000000A0 00000000        DCD              0           ;24 Reserved
  108 000000A4 00000000        DCD              0           ;25 Reserved
  109 000000A8 00000000        DCD              LOCSC_Handler ;26 Reserved
  110 000000AC 00000000        DCD              SPI1_Handler ;27 Reserved
  111 000000B0 00000000        DCD              DMA_Handler ;28 Reserved
  112 000000B4 00000000        DCD              0           ;29 Reserved
  113 000000B8 00000000        DCD              0           ;30 Reserved
  114 000000BC 00000000        DCD              0           ;31 Reserved
  115 000000C0         
  116 000000C0 00000000        DCD              0           ;Reserved
  117 000000C4 00000000        DCD              0           ;Reserved
  118 000000C8 00000000        DCD              0           ;Reserved
  119 000000CC 00000000        DCD              0           ;Reserved
  120 000000D0 00000000        DCD              0           ;Reserved
  121 000000D4 00000000        DCD              0           ;Reserved
  122 000000D8 00000000        DCD              0           ;Reserved
  123 000000DC 00000000        DCD              0           ;Reserved
  124 000000E0 00000000        DCD              0           ;Reserved
  125 000000E4 00000000        DCD              0           ;Reserved
  126 000000E8 00000000        DCD              0           ;Reserved
  127 000000EC 00000000        DCD              0           ;Reserved
  128 000000F0 00000000        DCD              0           ;Reserved
  129 000000F4 00000000        DCD              0           ;Reserved
  130 000000F8 00000000        DCD              __heap_base ;Reserved
  131 000000FC 00000000        DCD              __heap_limit ;Reserved
  132 00000100         
  133 00000100         __Vectors_End
  134 00000100         
  135 00000100 00000100 
                       __Vectors_Size
                               EQU              __Vectors_End - __Vectors
  136 00000100                 AREA             |.text|, CODE, READONLY
  137 00000000         



ARM Macro Assembler    Page 4 


  138 00000000         
  139 00000000         ; Reset Handler
  140 00000000         
  141 00000000         Reset_Handler
                               PROC
  142 00000000                 EXPORT           Reset_Handler             [WEAK
]
  143 00000000                 IMPORT           __main
  144 00000000                 IMPORT           SystemInit
  145 00000000                 IMPORT           SYS_GenSramKey
  146 00000000         
  147 00000000         ;LDR  R0, =__Vectors   ; SCB->VTOR = __Vectors
  148 00000000         ;MOVS R1, #0xE000E000  
  149 00000000         ;STR  R0, [R1, #0xD08]
  150 00000000         
  151 00000000         ; ro write SRAM encrypt key
  152 00000000 480D            LDR              R0, =SYS_GenSramKey
  153 00000002 4780            BLX              R0
  154 00000004 4905            LDR              R1, SCM_BASE_ADDR
  155 00000006 4A06            LDR              R2, REG_PROT_VAL
  156 00000008 65CA            STR              R2, [R1, #0x5c]
  157 0000000A 6508            STR              R0, [R1, #0x50]
  158 0000000C 0A00            LSRS             R0, R0, #8
  159 0000000E 6548            STR              R0, [R1, #0x54]
  160 00000010 2200            MOVS             R2, #0
  161 00000012 65CA            STR              R2, [R1, #0x5c]
  162 00000014         
  163 00000014 4809            LDR              R0, =SystemInit
  164 00000016 4780            BLX              R0
  165 00000018 4809            LDR              R0, =__main
  166 0000001A 4700            BX               R0
  167 0000001C                 ENDP
  168 0000001C         
  169 0000001C 40000000 
                       SCM_BASE_ADDR
                               DCD              0x40000000  ; SCM
  170 00000020 32107654 
                       REG_PROT_VAL
                               DCD              0x32107654
  171 00000024         
  172 00000024         ; Dummy Exception Handlers (infinite loops which can be 
                       modified)
  173 00000024         
  174 00000024         NMI_Handler
                               PROC
  175 00000024                 EXPORT           NMI_Handler               [WEAK
]
  176 00000024 E7FE            B                .
  177 00000026                 ENDP
  179 00000026         HardFault_Handler
                               PROC
  180 00000026                 EXPORT           HardFault_Handler         [WEAK
]
  181 00000026 E7FE            B                .
  182 00000028                 ENDP
  184 00000028         MemManage_Handler
                               PROC
  185 00000028                 EXPORT           MemManage_Handler         [WEAK
]



ARM Macro Assembler    Page 5 


  186 00000028 E7FE            B                .
  187 0000002A                 ENDP
  189 0000002A         BusFault_Handler
                               PROC
  190 0000002A                 EXPORT           BusFault_Handler          [WEAK
]
  191 0000002A E7FE            B                .
  192 0000002C                 ENDP
  194 0000002C         UsageFault_Handler
                               PROC
  195 0000002C                 EXPORT           UsageFault_Handler        [WEAK
]
  196 0000002C E7FE            B                .
  197 0000002E                 ENDP
  198 0000002E         SVC_Handler
                               PROC
  199 0000002E                 EXPORT           SVC_Handler               [WEAK
]
  200 0000002E E7FE            B                .
  201 00000030                 ENDP
  203 00000030         DebugMon_Handler
                               PROC
  204 00000030                 EXPORT           DebugMon_Handler          [WEAK
]
  205 00000030 E7FE            B                .
  206 00000032                 ENDP
  207 00000032         PendSV_Handler
                               PROC
  208 00000032                 EXPORT           PendSV_Handler            [WEAK
]
  209 00000032 E7FE            B                .
  210 00000034                 ENDP
  211 00000034         SysTick_Handler
                               PROC
  212 00000034                 EXPORT           SysTick_Handler            [WEA
K]
  213 00000034 E7FE            B                .
  214 00000036                 ENDP
  215 00000036         Default_Handler
                               PROC
  216 00000036                 EXPORT           SCM_Handler               [WEAK
]
  217 00000036                 EXPORT           GPIO_Handler              [WEAK
]
  218 00000036                 EXPORT           T0_Handler                [WEAK
]
  219 00000036                 EXPORT           SEA_Handler     [WEAK]
  220 00000036                 EXPORT           AEA_Handler           [WEAK]
  221 00000036                 EXPORT           SPI0_Handler              [WEAK
]
  222 00000036                 EXPORT           TRNG_Handler              [WEAK
]
  223 00000036                 EXPORT           USB_Handler               [WEAK
]
  224 00000036                 EXPORT           T1_Handler     [WEAK]
  225 00000036                 EXPORT           T2_Handler     [WEAK]
  226 00000036                 EXPORT           SSI_Handler     [WEAK]
  227 00000036                 EXPORT           UART0_Handler    [WEAK]
  228 00000036                 EXPORT           I2C0_Handler     [WEAK]



ARM Macro Assembler    Page 6 


  229 00000036                 EXPORT           SWPS_Handler     [WEAK]
  230 00000036                 EXPORT           ISO7816_Handler    [WEAK]
  231 00000036                 EXPORT           SCI_Handler     [WEAK]
  232 00000036                 EXPORT           FPA_Handler     [WEAK]
  233 00000036                 EXPORT           VPWM_Handler     [WEAK]
  234 00000036                 EXPORT           UART1_Handler    [WEAK]
  235 00000036                 EXPORT           DMA_Handler     [WEAK]
  236 00000036                 EXPORT           EFC_Handler     [WEAK]
  237 00000036                 EXPORT           LOCSC_Handler    [WEAK]
  238 00000036                 EXPORT           SPI1_Handler     [WEAK]
  239 00000036                 EXPORT           HASH_Handler     [WEAK]
  240 00000036         
  241 00000036         SCM_Handler
  242 00000036         GPIO_Handler
  243 00000036         T0_Handler
  244 00000036         SEA_Handler                          ;EAAG_Handler
  245 00000036         AEA_Handler
  246 00000036         SPI0_Handler
  247 00000036         TRNG_Handler
  248 00000036         USB_Handler
  249 00000036         T1_Handler
  250 00000036         T2_Handler
  251 00000036         SSI_Handler
  252 00000036         UART0_Handler
  253 00000036         I2C0_Handler
  254 00000036         SWPS_Handler
  255 00000036         ISO7816_Handler
  256 00000036         SCI_Handler
  257 00000036         FPA_Handler
  258 00000036         VPWM_Handler
  259 00000036         UART1_Handler
  260 00000036         DMA_Handler
  261 00000036         EFC_Handler
  262 00000036         LOCSC_Handler
  263 00000036         SPI1_Handler
  264 00000036         HASH_Handler
  265 00000036 E7FE            B                .
  266 00000038                 ENDP
  267 00000038         
  268 00000038                 ALIGN
  269 00000038         
  270 00000038         
  271 00000038         ; User Initial Stack & Heap
  272 00000038         
  273 00000038                 IF               :DEF:__MICROLIB
  274 00000038         
  275 00000038                 EXPORT           __initial_sp
  276 00000038                 EXPORT           __heap_base
  277 00000038                 EXPORT           __heap_limit
  278 00000038         
  279 00000038                 ELSE
  303                          ENDIF
  304 00000038                 END
              00000000 
              00000000 
              00000000 
Command Line: --debug --xref --diag_suppress=9931 --cpu=Cortex-M3 --apcs=interw
ork --depend=.\obj\startup_sy09.d -o.\obj\startup_sy09.o -I.\RTE\_AS578_InfoSec
_Alg_Example -ID:\MDK529Pack\ARM\CMSIS\5.9.0\CMSIS\Core\Include -ID:\MDK529Pack



ARM Macro Assembler    Page 7 


\ARM\CMSIS\5.9.0\Device\ARM\ARMCM3\Include --predefine="__MICROLIB SETA 1" --pr
edefine="__UVISION_VERSION SETA 529" --predefine="_RTE_ SETA 1" --predefine="AR
MCM3 SETA 1" --list=.\startup_sy09.lst ..\..\..\Libraries\Startup\KEIL\startup_
SY09.s



ARM Macro Assembler    Page 1 Alphabetic symbol ordering
Relocatable symbols

STACK_TOP 00000000

Symbol: STACK_TOP
   Definitions
      At line 43 in file ..\..\..\Libraries\Startup\KEIL\startup_SY09.s
   Uses
      None
Comment: STACK_TOP unused
__initial_sp 00000000

Symbol: __initial_sp
   Definitions
      At line 44 in file ..\..\..\Libraries\Startup\KEIL\startup_SY09.s
   Uses
      At line 66 in file ..\..\..\Libraries\Startup\KEIL\startup_SY09.s
      At line 275 in file ..\..\..\Libraries\Startup\KEIL\startup_SY09.s

2 symbols



ARM Macro Assembler    Page 1 Alphabetic symbol ordering
Relocatable symbols

HEAP_BOTTOM 00000000

Symbol: HEAP_BOTTOM
   Definitions
      At line 47 in file ..\..\..\Libraries\Startup\KEIL\startup_SY09.s
   Uses
      None
Comment: HEAP_BOTTOM unused
__heap_base 00000000

Symbol: __heap_base
   Definitions
      At line 48 in file ..\..\..\Libraries\Startup\KEIL\startup_SY09.s
   Uses
      At line 130 in file ..\..\..\Libraries\Startup\KEIL\startup_SY09.s
      At line 276 in file ..\..\..\Libraries\Startup\KEIL\startup_SY09.s

2 symbols



ARM Macro Assembler    Page 1 Alphabetic symbol ordering
Relocatable symbols

HEAP_TOP 00000000

Symbol: HEAP_TOP
   Definitions
      At line 51 in file ..\..\..\Libraries\Startup\KEIL\startup_SY09.s
   Uses
      None
Comment: HEAP_TOP unused
__heap_limit 00000000

Symbol: __heap_limit
   Definitions
      At line 52 in file ..\..\..\Libraries\Startup\KEIL\startup_SY09.s
   Uses
      At line 131 in file ..\..\..\Libraries\Startup\KEIL\startup_SY09.s
      At line 277 in file ..\..\..\Libraries\Startup\KEIL\startup_SY09.s

2 symbols



ARM Macro Assembler    Page 1 Alphabetic symbol ordering
Relocatable symbols

RESET 00000000

Symbol: RESET
   Definitions
      At line 61 in file ..\..\..\Libraries\Startup\KEIL\startup_SY09.s
   Uses
      None
Comment: RESET unused
__Vectors 00000000

Symbol: __Vectors
   Definitions
      At line 66 in file ..\..\..\Libraries\Startup\KEIL\startup_SY09.s
   Uses
      At line 62 in file ..\..\..\Libraries\Startup\KEIL\startup_SY09.s
      At line 135 in file ..\..\..\Libraries\Startup\KEIL\startup_SY09.s

__Vectors_End 00000100

Symbol: __Vectors_End
   Definitions
      At line 133 in file ..\..\..\Libraries\Startup\KEIL\startup_SY09.s
   Uses
      At line 63 in file ..\..\..\Libraries\Startup\KEIL\startup_SY09.s
      At line 135 in file ..\..\..\Libraries\Startup\KEIL\startup_SY09.s

3 symbols



ARM Macro Assembler    Page 1 Alphabetic symbol ordering
Relocatable symbols

.text 00000000

Symbol: .text
   Definitions
      At line 136 in file ..\..\..\Libraries\Startup\KEIL\startup_SY09.s
   Uses
      None
Comment: .text unused
AEA_Handler 00000036

Symbol: AEA_Handler
   Definitions
      At line 245 in file ..\..\..\Libraries\Startup\KEIL\startup_SY09.s
   Uses
      At line 87 in file ..\..\..\Libraries\Startup\KEIL\startup_SY09.s
      At line 220 in file ..\..\..\Libraries\Startup\KEIL\startup_SY09.s

BusFault_Handler 0000002A

Symbol: BusFault_Handler
   Definitions
      At line 189 in file ..\..\..\Libraries\Startup\KEIL\startup_SY09.s
   Uses
      At line 71 in file ..\..\..\Libraries\Startup\KEIL\startup_SY09.s
      At line 190 in file ..\..\..\Libraries\Startup\KEIL\startup_SY09.s

DMA_Handler 00000036

Symbol: DMA_Handler
   Definitions
      At line 260 in file ..\..\..\Libraries\Startup\KEIL\startup_SY09.s
   Uses
      At line 111 in file ..\..\..\Libraries\Startup\KEIL\startup_SY09.s
      At line 235 in file ..\..\..\Libraries\Startup\KEIL\startup_SY09.s

DebugMon_Handler 00000030

Symbol: DebugMon_Handler
   Definitions
      At line 203 in file ..\..\..\Libraries\Startup\KEIL\startup_SY09.s
   Uses
      At line 78 in file ..\..\..\Libraries\Startup\KEIL\startup_SY09.s
      At line 204 in file ..\..\..\Libraries\Startup\KEIL\startup_SY09.s

Default_Handler 00000036

Symbol: Default_Handler
   Definitions
      At line 215 in file ..\..\..\Libraries\Startup\KEIL\startup_SY09.s
   Uses
      None
Comment: Default_Handler unused
EFC_Handler 00000036

Symbol: EFC_Handler
   Definitions
      At line 261 in file ..\..\..\Libraries\Startup\KEIL\startup_SY09.s
   Uses
      At line 104 in file ..\..\..\Libraries\Startup\KEIL\startup_SY09.s



ARM Macro Assembler    Page 2 Alphabetic symbol ordering
Relocatable symbols

      At line 236 in file ..\..\..\Libraries\Startup\KEIL\startup_SY09.s

FPA_Handler 00000036

Symbol: FPA_Handler
   Definitions
      At line 257 in file ..\..\..\Libraries\Startup\KEIL\startup_SY09.s
   Uses
      At line 100 in file ..\..\..\Libraries\Startup\KEIL\startup_SY09.s
      At line 232 in file ..\..\..\Libraries\Startup\KEIL\startup_SY09.s

GPIO_Handler 00000036

Symbol: GPIO_Handler
   Definitions
      At line 242 in file ..\..\..\Libraries\Startup\KEIL\startup_SY09.s
   Uses
      At line 84 in file ..\..\..\Libraries\Startup\KEIL\startup_SY09.s
      At line 217 in file ..\..\..\Libraries\Startup\KEIL\startup_SY09.s

HASH_Handler 00000036

Symbol: HASH_Handler
   Definitions
      At line 264 in file ..\..\..\Libraries\Startup\KEIL\startup_SY09.s
   Uses
      At line 103 in file ..\..\..\Libraries\Startup\KEIL\startup_SY09.s
      At line 239 in file ..\..\..\Libraries\Startup\KEIL\startup_SY09.s

HardFault_Handler 00000026

Symbol: HardFault_Handler
   Definitions
      At line 179 in file ..\..\..\Libraries\Startup\KEIL\startup_SY09.s
   Uses
      At line 69 in file ..\..\..\Libraries\Startup\KEIL\startup_SY09.s
      At line 180 in file ..\..\..\Libraries\Startup\KEIL\startup_SY09.s

I2C0_Handler 00000036

Symbol: I2C0_Handler
   Definitions
      At line 253 in file ..\..\..\Libraries\Startup\KEIL\startup_SY09.s
   Uses
      At line 95 in file ..\..\..\Libraries\Startup\KEIL\startup_SY09.s
      At line 228 in file ..\..\..\Libraries\Startup\KEIL\startup_SY09.s

ISO7816_Handler 00000036

Symbol: ISO7816_Handler
   Definitions
      At line 255 in file ..\..\..\Libraries\Startup\KEIL\startup_SY09.s
   Uses
      At line 98 in file ..\..\..\Libraries\Startup\KEIL\startup_SY09.s
      At line 230 in file ..\..\..\Libraries\Startup\KEIL\startup_SY09.s

LOCSC_Handler 00000036

Symbol: LOCSC_Handler



ARM Macro Assembler    Page 3 Alphabetic symbol ordering
Relocatable symbols

   Definitions
      At line 262 in file ..\..\..\Libraries\Startup\KEIL\startup_SY09.s
   Uses
      At line 109 in file ..\..\..\Libraries\Startup\KEIL\startup_SY09.s
      At line 237 in file ..\..\..\Libraries\Startup\KEIL\startup_SY09.s

MemManage_Handler 00000028

Symbol: MemManage_Handler
   Definitions
      At line 184 in file ..\..\..\Libraries\Startup\KEIL\startup_SY09.s
   Uses
      At line 70 in file ..\..\..\Libraries\Startup\KEIL\startup_SY09.s
      At line 185 in file ..\..\..\Libraries\Startup\KEIL\startup_SY09.s

NMI_Handler 00000024

Symbol: NMI_Handler
   Definitions
      At line 174 in file ..\..\..\Libraries\Startup\KEIL\startup_SY09.s
   Uses
      At line 68 in file ..\..\..\Libraries\Startup\KEIL\startup_SY09.s
      At line 175 in file ..\..\..\Libraries\Startup\KEIL\startup_SY09.s

PendSV_Handler 00000032

Symbol: PendSV_Handler
   Definitions
      At line 207 in file ..\..\..\Libraries\Startup\KEIL\startup_SY09.s
   Uses
      At line 80 in file ..\..\..\Libraries\Startup\KEIL\startup_SY09.s
      At line 208 in file ..\..\..\Libraries\Startup\KEIL\startup_SY09.s

REG_PROT_VAL 00000020

Symbol: REG_PROT_VAL
   Definitions
      At line 170 in file ..\..\..\Libraries\Startup\KEIL\startup_SY09.s
   Uses
      At line 155 in file ..\..\..\Libraries\Startup\KEIL\startup_SY09.s
Comment: REG_PROT_VAL used once
Reset_Handler 00000000

Symbol: Reset_Handler
   Definitions
      At line 141 in file ..\..\..\Libraries\Startup\KEIL\startup_SY09.s
   Uses
      At line 67 in file ..\..\..\Libraries\Startup\KEIL\startup_SY09.s
      At line 142 in file ..\..\..\Libraries\Startup\KEIL\startup_SY09.s

SCI_Handler 00000036

Symbol: SCI_Handler
   Definitions
      At line 256 in file ..\..\..\Libraries\Startup\KEIL\startup_SY09.s
   Uses
      At line 99 in file ..\..\..\Libraries\Startup\KEIL\startup_SY09.s
      At line 231 in file ..\..\..\Libraries\Startup\KEIL\startup_SY09.s




ARM Macro Assembler    Page 4 Alphabetic symbol ordering
Relocatable symbols

SCM_BASE_ADDR 0000001C

Symbol: SCM_BASE_ADDR
   Definitions
      At line 169 in file ..\..\..\Libraries\Startup\KEIL\startup_SY09.s
   Uses
      At line 154 in file ..\..\..\Libraries\Startup\KEIL\startup_SY09.s
Comment: SCM_BASE_ADDR used once
SCM_Handler 00000036

Symbol: SCM_Handler
   Definitions
      At line 241 in file ..\..\..\Libraries\Startup\KEIL\startup_SY09.s
   Uses
      At line 83 in file ..\..\..\Libraries\Startup\KEIL\startup_SY09.s
      At line 216 in file ..\..\..\Libraries\Startup\KEIL\startup_SY09.s

SEA_Handler 00000036

Symbol: SEA_Handler
   Definitions
      At line 244 in file ..\..\..\Libraries\Startup\KEIL\startup_SY09.s
   Uses
      At line 86 in file ..\..\..\Libraries\Startup\KEIL\startup_SY09.s
      At line 219 in file ..\..\..\Libraries\Startup\KEIL\startup_SY09.s

SPI0_Handler 00000036

Symbol: SPI0_Handler
   Definitions
      At line 246 in file ..\..\..\Libraries\Startup\KEIL\startup_SY09.s
   Uses
      At line 88 in file ..\..\..\Libraries\Startup\KEIL\startup_SY09.s
      At line 221 in file ..\..\..\Libraries\Startup\KEIL\startup_SY09.s

SPI1_Handler 00000036

Symbol: SPI1_Handler
   Definitions
      At line 263 in file ..\..\..\Libraries\Startup\KEIL\startup_SY09.s
   Uses
      At line 110 in file ..\..\..\Libraries\Startup\KEIL\startup_SY09.s
      At line 238 in file ..\..\..\Libraries\Startup\KEIL\startup_SY09.s

SSI_Handler 00000036

Symbol: SSI_Handler
   Definitions
      At line 251 in file ..\..\..\Libraries\Startup\KEIL\startup_SY09.s
   Uses
      At line 93 in file ..\..\..\Libraries\Startup\KEIL\startup_SY09.s
      At line 226 in file ..\..\..\Libraries\Startup\KEIL\startup_SY09.s

SVC_Handler 0000002E

Symbol: SVC_Handler
   Definitions
      At line 198 in file ..\..\..\Libraries\Startup\KEIL\startup_SY09.s
   Uses



ARM Macro Assembler    Page 5 Alphabetic symbol ordering
Relocatable symbols

      At line 77 in file ..\..\..\Libraries\Startup\KEIL\startup_SY09.s
      At line 199 in file ..\..\..\Libraries\Startup\KEIL\startup_SY09.s

SWPS_Handler 00000036

Symbol: SWPS_Handler
   Definitions
      At line 254 in file ..\..\..\Libraries\Startup\KEIL\startup_SY09.s
   Uses
      At line 96 in file ..\..\..\Libraries\Startup\KEIL\startup_SY09.s
      At line 229 in file ..\..\..\Libraries\Startup\KEIL\startup_SY09.s

SysTick_Handler 00000034

Symbol: SysTick_Handler
   Definitions
      At line 211 in file ..\..\..\Libraries\Startup\KEIL\startup_SY09.s
   Uses
      At line 81 in file ..\..\..\Libraries\Startup\KEIL\startup_SY09.s
      At line 212 in file ..\..\..\Libraries\Startup\KEIL\startup_SY09.s

T0_Handler 00000036

Symbol: T0_Handler
   Definitions
      At line 243 in file ..\..\..\Libraries\Startup\KEIL\startup_SY09.s
   Uses
      At line 85 in file ..\..\..\Libraries\Startup\KEIL\startup_SY09.s
      At line 218 in file ..\..\..\Libraries\Startup\KEIL\startup_SY09.s

T1_Handler 00000036

Symbol: T1_Handler
   Definitions
      At line 249 in file ..\..\..\Libraries\Startup\KEIL\startup_SY09.s
   Uses
      At line 91 in file ..\..\..\Libraries\Startup\KEIL\startup_SY09.s
      At line 224 in file ..\..\..\Libraries\Startup\KEIL\startup_SY09.s

T2_Handler 00000036

Symbol: T2_Handler
   Definitions
      At line 250 in file ..\..\..\Libraries\Startup\KEIL\startup_SY09.s
   Uses
      At line 92 in file ..\..\..\Libraries\Startup\KEIL\startup_SY09.s
      At line 225 in file ..\..\..\Libraries\Startup\KEIL\startup_SY09.s

TRNG_Handler 00000036

Symbol: TRNG_Handler
   Definitions
      At line 247 in file ..\..\..\Libraries\Startup\KEIL\startup_SY09.s
   Uses
      At line 89 in file ..\..\..\Libraries\Startup\KEIL\startup_SY09.s
      At line 222 in file ..\..\..\Libraries\Startup\KEIL\startup_SY09.s

UART0_Handler 00000036




ARM Macro Assembler    Page 6 Alphabetic symbol ordering
Relocatable symbols

Symbol: UART0_Handler
   Definitions
      At line 252 in file ..\..\..\Libraries\Startup\KEIL\startup_SY09.s
   Uses
      At line 94 in file ..\..\..\Libraries\Startup\KEIL\startup_SY09.s
      At line 227 in file ..\..\..\Libraries\Startup\KEIL\startup_SY09.s

UART1_Handler 00000036

Symbol: UART1_Handler
   Definitions
      At line 259 in file ..\..\..\Libraries\Startup\KEIL\startup_SY09.s
   Uses
      At line 102 in file ..\..\..\Libraries\Startup\KEIL\startup_SY09.s
      At line 234 in file ..\..\..\Libraries\Startup\KEIL\startup_SY09.s

USB_Handler 00000036

Symbol: USB_Handler
   Definitions
      At line 248 in file ..\..\..\Libraries\Startup\KEIL\startup_SY09.s
   Uses
      At line 90 in file ..\..\..\Libraries\Startup\KEIL\startup_SY09.s
      At line 223 in file ..\..\..\Libraries\Startup\KEIL\startup_SY09.s

UsageFault_Handler 0000002C

Symbol: UsageFault_Handler
   Definitions
      At line 194 in file ..\..\..\Libraries\Startup\KEIL\startup_SY09.s
   Uses
      At line 72 in file ..\..\..\Libraries\Startup\KEIL\startup_SY09.s
      At line 195 in file ..\..\..\Libraries\Startup\KEIL\startup_SY09.s

VPWM_Handler 00000036

Symbol: VPWM_Handler
   Definitions
      At line 258 in file ..\..\..\Libraries\Startup\KEIL\startup_SY09.s
   Uses
      At line 101 in file ..\..\..\Libraries\Startup\KEIL\startup_SY09.s
      At line 233 in file ..\..\..\Libraries\Startup\KEIL\startup_SY09.s

38 symbols



ARM Macro Assembler    Page 1 Alphabetic symbol ordering
Absolute symbols

__Vectors_Size 00000100

Symbol: __Vectors_Size
   Definitions
      At line 135 in file ..\..\..\Libraries\Startup\KEIL\startup_SY09.s
   Uses
      At line 64 in file ..\..\..\Libraries\Startup\KEIL\startup_SY09.s
Comment: __Vectors_Size used once
1 symbol



ARM Macro Assembler    Page 1 Alphabetic symbol ordering
External symbols

SYS_GenSramKey 00000000

Symbol: SYS_GenSramKey
   Definitions
      At line 145 in file ..\..\..\Libraries\Startup\KEIL\startup_SY09.s
   Uses
      At line 152 in file ..\..\..\Libraries\Startup\KEIL\startup_SY09.s
Comment: SYS_GenSramKey used once
SystemInit 00000000

Symbol: SystemInit
   Definitions
      At line 144 in file ..\..\..\Libraries\Startup\KEIL\startup_SY09.s
   Uses
      At line 163 in file ..\..\..\Libraries\Startup\KEIL\startup_SY09.s
Comment: SystemInit used once
__main 00000000

Symbol: __main
   Definitions
      At line 143 in file ..\..\..\Libraries\Startup\KEIL\startup_SY09.s
   Uses
      At line 165 in file ..\..\..\Libraries\Startup\KEIL\startup_SY09.s
Comment: __main used once
3 symbols
387 symbols in table
